<?xml version="1.0" encoding="UTF-8"?>
<testsuite name="com.example.set.TSetTest" tests="7" skipped="0" failures="0" errors="0" timestamp="2019-12-28T03:27:10" hostname="dmitriy-Vostro-3558" time="0.039">
  <properties/>
  <testcase name="checkDiff" classname="com.example.set.TSetTest" time="0.027"/>
  <testcase name="checkAddAndContains" classname="com.example.set.TSetTest" time="0.006"/>
  <testcase name="checkRemoveAndSize" classname="com.example.set.TSetTest" time="0.001"/>
  <testcase name="checkConstructor" classname="com.example.set.TSetTest" time="0.0"/>
  <testcase name="checkGet" classname="com.example.set.TSetTest" time="0.001"/>
  <testcase name="checkMul" classname="com.example.set.TSetTest" time="0.0"/>
  <testcase name="checkSum" classname="com.example.set.TSetTest" time="0.0"/>
  <system-out><![CDATA[]]></system-out>
  <system-err><![CDATA[]]></system-err>
</testsuite>
