<?xml version="1.0" encoding="UTF-8"?>
<testsuite name="com.example.poly.TPolyTest" tests="8" skipped="0" failures="0" errors="0" timestamp="2019-12-22T17:53:56" hostname="dmitriy-Vostro-3558" time="0.064">
  <properties/>
  <testcase name="checkClear" classname="com.example.poly.TPolyTest" time="0.004"/>
  <testcase name="checkConstructorAndGetters" classname="com.example.poly.TPolyTest" time="0.0"/>
  <testcase name="checkEquals" classname="com.example.poly.TPolyTest" time="0.043"/>
  <testcase name="checkDiff" classname="com.example.poly.TPolyTest" time="0.002"/>
  <testcase name="checkCalculate" classname="com.example.poly.TPolyTest" time="0.001"/>
  <testcase name="checkMul" classname="com.example.poly.TPolyTest" time="0.001"/>
  <testcase name="checkSum" classname="com.example.poly.TPolyTest" time="0.001"/>
  <testcase name="checkDifferentiate" classname="com.example.poly.TPolyTest" time="0.001"/>
  <system-out><![CDATA[]]></system-out>
  <system-err><![CDATA[]]></system-err>
</testsuite>
